<?xml version="1.0" encoding="UTF-8"?>
<!-- Generated by org.testng.reporters.JUnitReportReporter -->
<testsuite hostname="LAPTOP-NBNAD4EJ" failures="0" tests="1" name="testspageobjectfactory.LoginPageTest" time="17.385" errors="0" timestamp="12 Mar 2021 13:07:26 GMT">
  <testcase classname="testspageobjectfactory.LoginPageTest" name="Login" time="17.385"/>
</testsuite> <!-- testspageobjectfactory.LoginPageTest -->
