<?xml version="1.0" encoding="UTF-8"?>
<!-- Generated by org.testng.reporters.JUnitReportReporter -->
<testsuite hostname="LAPTOP-NBNAD4EJ" failures="0" tests="1" name="testspageobjectfactory.CreateAccountTest" time="11.214" errors="0" timestamp="12 Mar 2021 13:24:59 GMT">
  <testcase classname="testspageobjectfactory.CreateAccountTest" name="CreateAccount" time="11.214"/>
</testsuite> <!-- testspageobjectfactory.CreateAccountTest -->
