<?xml version="1.0" encoding="UTF-8"?>
<!-- Generated by org.testng.reporters.JUnitReportReporter -->
<testsuite hostname="LAPTOP-NBNAD4EJ" failures="0" tests="1" name="javaStreamsCh15" time="0.008" errors="0" timestamp="31 Jan 2021 12:11:46 GMT">
  <testcase classname="javaStreamsCh15" name="streamCollect" time="0.008"/>
</testsuite> <!-- javaStreamsCh15 -->
